<?xml version="1.0" encoding="UTF-8"?>
<!-- Generated by org.testng.reporters.JUnitReportReporter -->
<testsuite hostname="LAPTOP-077COGF2" failures="0" tests="1" name="com.Testcases.TC_001_E2EInteractive" time="12.324" errors="0" timestamp="2023-05-05T21:29:41 BST" skipped="0">
  <testcase classname="com.Testcases.TC_001_E2EInteractive" name="Test1" time="12.324"/>
  <system-out/>
</testsuite> <!-- com.Testcases.TC_001_E2EInteractive -->
