<?xml version="1.0" encoding="UTF-8"?>
<!-- Generated by org.testng.reporters.JUnitReportReporter -->
<testsuite hostname="LAPTOP-077COGF2" failures="0" tests="1" name="com.Testcases.TC_001_E2EInteractive" time="6.972" errors="0" timestamp="2023-03-27T19:44:33 BST" skipped="0">
  <testcase classname="com.Testcases.TC_001_E2EInteractive" name="Test1" time="6.972"/>
  <system-out/>
</testsuite> <!-- com.Testcases.TC_001_E2EInteractive -->
